
Deleted - Post ID 2381 - attachment - bg03-free-img
DELETED - WIDGET text-5
DELETED - WIDGET text-6
DELETED - WIDGET text-7
Deleted - Post ID 776 - attachment - 1-4.png
Deleted - Post ID 779 - attachment - parallax-1.png
Deleted - Post ID 1010 - attachment - right-quotes-symbol (2)
Deleted - Post ID 1013 - attachment - client01-free-img
Deleted - Post ID 2382 - attachment - client02-free-img
Deleted - Post ID 1023 - attachment - client03-free-img
Deleted - Post ID 1025 - attachment - client04-free-img
Deleted - Post ID 2383 - attachment - nutric01-free-img
Deleted - Post ID 2384 - attachment - ser02-free-img
Deleted - Post ID 2385 - attachment - ser03-free-img
Deleted - Post ID 2386 - attachment - nutrition-logo
Deleted - Post ID 2387 - attachment - nutrition-footer-logo
Deleted - Post ID 2388 - attachment - favicon
Deleted - Post ID 1404 - attachment - img-01
Deleted - Post ID 1405 - attachment - img-02
Deleted - Post ID 2389 - attachment - img-04
Deleted - Post ID 1410 - attachment - service-01
Deleted - Post ID 2390 - attachment - service-04
Deleted - Post ID 1417 - attachment - service-05
Deleted - Post ID 1435 - attachment - image-12
Deleted - Post ID 1439 - attachment - about-banner
Deleted - Post ID 1435 -  - 
Deleted - Post ID 1439 - attachment - about-banner
Deleted - Post ID 1443 - attachment - footer-banner-01
Deleted - Post ID 1443 - attachment - footer-banner-01
Deleted - Post ID 1448 - attachment - nutrition-banner-03
Deleted - Post ID 1448 - attachment - nutrition-banner-03
Deleted - Post ID 1450 - attachment - image-01
Deleted - Post ID 1450 - attachment - image-01
Deleted - Post ID 2391 - attachment - image-02
Deleted - Post ID 2391 - attachment - image-02
Deleted - Post ID 1454 - attachment - image-03
Deleted - Post ID 1454 - attachment - image-03
Deleted - Post ID 1456 - attachment - image-04
Deleted - Post ID 1456 - attachment - image-04
Deleted - Post ID 2392 - attachment - image-05
Deleted - Post ID 2392 - attachment - image-05
Deleted - Post ID 2393 - attachment - image-06
Deleted - Post ID 2393 - attachment - image-06
Deleted - Post ID 8 - custom_css - astra
Deleted - Post ID 52 - custom_css - astra
Deleted - Post ID 8 -  - 
Deleted - Post ID 52 - custom_css - astra
Deleted - Post ID 147 - nav_menu_item - 
Deleted - Post ID 147 - nav_menu_item - 
Deleted - Post ID 148 - nav_menu_item - 
Deleted - Post ID 148 - nav_menu_item - 
Deleted - Post ID 1465 - attachment - image-08
Deleted - Post ID 1465 - attachment - image-08
Deleted - Post ID 1471 - attachment - image-10
Deleted - Post ID 1471 - attachment - image-10
Deleted - Post ID 1486 - elementor_library - Default Kit
Deleted - Post ID 1486 - elementor_library - Default Kit
Deleted - Post ID 1491 - attachment - nutritionist-yoast-seo
Deleted - Post ID 1491 - attachment - nutritionist-yoast-seo
Deleted - Post ID 1542 - attachment - weight-management
Deleted - Post ID 1542 - attachment - weight-management
Deleted - Post ID 1550 - attachment - home-banner
Deleted - Post ID 1550 - attachment - home-banner
Deleted - Post ID 1554 - attachment - logo-1
Deleted - Post ID 1555 - attachment - logo-2
Deleted - Post ID 1556 - attachment - logo-3
Deleted - Post ID 1557 - attachment - logo-4
Deleted - Post ID 2394 - attachment - logo-5
Deleted - Post ID 1569 - attachment - fitness
Deleted - Post ID 1554 -  - 
Deleted - Post ID 1555 -  - 
Deleted - Post ID 1556 -  - 
Deleted - Post ID 1557 -  - 
Deleted - Post ID 2394 -  - 
Deleted - Post ID 1569 - attachment - fitness
Deleted - Post ID 1570 - attachment - calendar
Deleted - Post ID 1570 - attachment - calendar
Deleted - Post ID 1571 - attachment - exercise
Deleted - Post ID 1571 - attachment - exercise
Deleted - Post ID 2395 - attachment - smiley
Deleted - Post ID 2395 - attachment - smiley
Deleted - Post ID 1581 - attachment - book
Deleted - Post ID 1581 - attachment - book
Deleted - Post ID 2396 - post - Can nutrient therapy boost your energy?
Deleted - Post ID 96 - post - Food intolerance testing – is it worth it?
Deleted - Post ID 2396 -  - 
Deleted - Post ID 96 - post - Food intolerance testing – is it worth it?
Deleted - Post ID 97 - page - Home
Deleted - Post ID 97 - page - Home
Deleted - Post ID 141 - page - About
Deleted - Post ID 141 - page - About
Deleted - Post ID 143 - page - Contact
Deleted - Post ID 143 - page - Contact
Deleted - Post ID 145 - page - Programs
Deleted - Post ID 145 - page - Programs
Deleted - Post ID 149 - nav_menu_item - 
Deleted - Post ID 150 - nav_menu_item - 
Deleted - Post ID 304 - page - Success Stories
Deleted - Post ID 149 - nav_menu_item - 
Deleted - Post ID 150 - nav_menu_item - 
Deleted - Post ID 304 - page - Success Stories
Deleted - Post ID 307 - page - Blog
Deleted - Post ID 307 - page - Blog
Deleted - Post ID 309 -  - 
Deleted - Post ID 310 -  - 
Deleted - Post ID 2397 - post - Maintaining Well-Being Through Stressful Times
Deleted - Post ID 2398 - attachment - default.png
Deleted - Post ID 309 -  - 
Deleted - Post ID 310 -  - 
Deleted - Post ID 2397 -  - 
Deleted - Post ID 2398 - attachment - default.png
Inserted WP Form 2406
Inserted WP Form 2408